Starting Coffee Shop Queue Management System...
Server running on http://localhost:5002
API endpoints:
  POST /api/orders - Create new order
  POST /api/orders/next - Get next order (staff)
  POST /api/orders/<id>/complete - Complete order
  DELETE /api/orders/<id>/cancel - Cancel order
  GET /api/queue/status - Get queue status
  GET /api/customer/<name>/orders - Get customer orders
  GET /api/analytics - Get analytics
  GET /api/menu - Get menu
 * Serving Flask app 'app'
 * Debug mode: on
[31m[1mWARNING: This is a development server. Do not use it in a production deployment. Use a production WSGI server instead.[0m
 * Running on all addresses (0.0.0.0)
 * Running on http://127.0.0.1:5002
 * Running on http://192.168.8.200:5002
[33mPress CTRL+C to quit[0m
 * Restarting with stat
 * Debugger is active!
 * Debugger PIN: 226-990-657
/opt/homebrew/Cellar/python@3.13/3.13.4/Frameworks/Python.framework/Versions/3.13/lib/python3.13/multiprocessing/resource_tracker.py:301: UserWarning: resource_tracker: There appear to be 1 leaked semaphore objects to clean up at shutdown: {'/mp-2gf5hh78'}
  warnings.warn(
/opt/homebrew/Cellar/python@3.13/3.13.4/Frameworks/Python.framework/Versions/3.13/lib/python3.13/multiprocessing/resource_tracker.py:301: UserWarning: resource_tracker: There appear to be 1 leaked semaphore objects to clean up at shutdown: {'/mp-n7c5i5h2'}
  warnings.warn(
